<?xml version="1.0" encoding="UTF-8"?>
<!-- Generated by org.testng.reporters.JUnitXMLReporter -->
<testsuite ignored="3" hostname="LAPTOP-H5F7P4K8" failures="0" tests="1" name="Default test1" time="0.003" errors="0" timestamp="2023-07-07T22:29:20 IST">
  <testcase classname="TestNGB24.MyGroupA" name="test2" time="0.001"/>
  <testcase classname="TestNGB24.MyGroupA" name="test1" time="0.0">
    <ignored/>
  </testcase> <!-- test1 -->
  <testcase classname="TestNGB24.MyGroupA" name="test3" time="0.0">
    <ignored/>
  </testcase> <!-- test3 -->
  <testcase classname="TestNGB24.MyGroupA" name="test4" time="0.0">
    <ignored/>
  </testcase> <!-- test4 -->
</testsuite> <!-- Default test1 -->
