<?xml version="1.0" encoding="UTF-8"?>
<!-- Generated by org.testng.reporters.JUnitXMLReporter -->
<testsuite ignored="0" hostname="LAPTOP-H5F7P4K8" failures="1" tests="8" name="Regression 1" time="30.069" errors="0" timestamp="2023-07-02T11:56:48 IST">
  <testcase classname="TestNGB24.ParallelMethod" name="myTest3" time="10.009"/>
  <testcase classname="TestNGB24.ParallelMethod" name="myTest1" time="10.012"/>
  <testcase classname="TestNGB24.ParallelMethod" name="myTest2" time="10.012"/>
  <testcase classname="TestNGB24.ParallelMethod" name="myTest4" time="10.003"/>
  <testcase classname="TestNGB24.ParallelMethod" name="myTest5" time="10.012"/>
  <testcase classname="TestNGB24.ParallelClassA" name="myTest1" time="10.013">
    <failure type="java.lang.AssertionError">
      <![CDATA[java.lang.AssertionError: 
at TestNGB24.ParallelClassA.myTest1(ParallelClassA.java:14)
at java.base/java.util.concurrent.ThreadPoolExecutor.runWorker(ThreadPoolExecutor.java:1136)
at java.base/java.util.concurrent.ThreadPoolExecutor$Worker.run(ThreadPoolExecutor.java:635)
at java.base/java.lang.Thread.run(Thread.java:833)
... Removed 15 stack frames]]>
    </failure>
  </testcase> <!-- myTest1 -->
  <testcase classname="TestNGB24.ParallelClassA" name="myTest2" time="10.008"/>
  <testcase classname="TestNGB24.ParallelClassA" name="myTest22" time="10.007"/>
</testsuite> <!-- Regression 1 -->
