<?xml version="1.0" encoding="UTF-8"?>
<!-- Generated by org.testng.reporters.JUnitXMLReporter -->
<testsuite ignored="0" hostname="LAPTOP-H5F7P4K8" failures="0" tests="7" name="Module" time="0.055" errors="0" timestamp="2023-07-02T09:49:21 IST">
  <testcase classname="TestNGB24.MyGroupA" name="test1" time="0.006"/>
  <testcase classname="TestNGB24.MyGroupA" name="test2" time="0.001"/>
  <testcase classname="TestNGB24.MyGroupA" name="test3" time="0.001"/>
  <testcase classname="TestNGB24.MyGroupA" name="test4" time="0.002"/>
  <testcase classname="TestNGB24.MyGroupB" name="test21" time="0.0"/>
  <testcase classname="TestNGB24.MyGroupB" name="test31" time="0.001"/>
  <testcase classname="TestNGB24.MyGroupB" name="test41" time="0.001"/>
</testsuite> <!-- Module -->
