<?xml version="1.0" encoding="UTF-8"?>
<!-- Generated by org.testng.reporters.JUnitXMLReporter -->
<testsuite ignored="0" hostname="LAPTOP-H5F7P4K8" failures="1" tests="10" name="TestforParallel" time="57.214" errors="0" timestamp="2023-07-02T11:47:26 IST">
  <testcase classname="TestNGB24.ParallelClassB" name="myTest1" time="10.017"/>
  <testcase classname="TestNGB24.ParallelClassA" name="myTest1" time="10.02">
    <failure type="java.lang.AssertionError">
      <![CDATA[java.lang.AssertionError: 
at TestNGB24.ParallelClassA.myTest1(ParallelClassA.java:14)
at java.base/java.util.concurrent.ThreadPoolExecutor.runWorker(ThreadPoolExecutor.java:1136)
at java.base/java.util.concurrent.ThreadPoolExecutor$Worker.run(ThreadPoolExecutor.java:635)
at java.base/java.lang.Thread.run(Thread.java:833)
... Removed 15 stack frames]]>
    </failure>
  </testcase> <!-- myTest1 -->
  <testcase classname="TestNGB24.ParallelClassA" name="myTest2" time="10.007"/>
  <testcase classname="TestNGB24.ParallelClassB" name="myTest2" time="10.011"/>
  <testcase classname="TestNGB24.ParallelClassA" name="myTest22" time="10.006"/>
  <testcase classname="TestNGB24.ParallelClassB" name="myTest3" time="10.006"/>
  <testcase classname="basic.B24MyDragandDrop" name="testcase1" time="5.306"/>
  <testcase classname="TestNGB24.ParallelClassB" name="myTest4" time="10.026"/>
  <testcase classname="basic.B24MyScreenShot" name="testCase1" time="4.181"/>
  <testcase classname="basic.B24MyIframe" name="testcase1" time="21.821"/>
</testsuite> <!-- TestforParallel -->
